  Font.cpp
C:\Users\THINK\Desktop\Project\CS-DEMO\FPSGames\include\learnopengl\filesystem.h(3,1): warning C4005: “_CRT_SECURE_NO_WARNINGS”: 宏重定义
C:\Users\THINK\Desktop\Project\CS-DEMO\FPSGames\Font.cpp : message : 参见“_CRT_SECURE_NO_WARNINGS”的前一个定义
C:\Users\THINK\Desktop\Project\CS-DEMO\FPSGames\include\learnopengl\model.h(1,1): warning C4819: 该文件包含不能在当前代码页(936)中表示的字符。请将该文件保存为 Unicode 格式以防止数据丢失
C:\Users\THINK\Desktop\Project\CS-DEMO\FPSGames\include\learnopengl\mesh.h(93,1): warning C4267: “参数”: 从“size_t”转换到“GLsizei”，可能丢失数据
  Shape.cpp
C:\Users\THINK\Desktop\Project\CS-DEMO\FPSGames\include\learnopengl\filesystem.h(3,1): warning C4005: “_CRT_SECURE_NO_WARNINGS”: 宏重定义
C:\Users\THINK\Desktop\Project\CS-DEMO\FPSGames\Shape.cpp : message : 参见“_CRT_SECURE_NO_WARNINGS”的前一个定义
C:\Users\THINK\Desktop\Project\CS-DEMO\FPSGames\include\learnopengl\model.h(1,1): warning C4819: 该文件包含不能在当前代码页(936)中表示的字符。请将该文件保存为 Unicode 格式以防止数据丢失
C:\Users\THINK\Desktop\Project\CS-DEMO\FPSGames\include\learnopengl\mesh.h(93,1): warning C4267: “参数”: 从“size_t”转换到“GLsizei”，可能丢失数据
C:\Users\THINK\Desktop\Project\CS-DEMO\FPSGames\Shape.cpp(28,77): warning C4244: “=”: 从“double”转换到“float”，可能丢失数据
C:\Users\THINK\Desktop\Project\CS-DEMO\FPSGames\Shape.cpp(29,80): warning C4244: “=”: 从“double”转换到“float”，可能丢失数据
  control.cpp
C:\Users\THINK\Desktop\Project\CS-DEMO\FPSGames\include\learnopengl\filesystem.h(3,1): warning C4005: “_CRT_SECURE_NO_WARNINGS”: 宏重定义
C:\Users\THINK\Desktop\Project\CS-DEMO\FPSGames\control.cpp : message : 参见“_CRT_SECURE_NO_WARNINGS”的前一个定义
C:\Users\THINK\Desktop\Project\CS-DEMO\FPSGames\include\learnopengl\model.h(1,1): warning C4819: 该文件包含不能在当前代码页(936)中表示的字符。请将该文件保存为 Unicode 格式以防止数据丢失
C:\Users\THINK\Desktop\Project\CS-DEMO\FPSGames\include\learnopengl\mesh.h(93,1): warning C4267: “参数”: 从“size_t”转换到“GLsizei”，可能丢失数据
C:\Users\THINK\Desktop\Project\CS-DEMO\FPSGames\control.cpp(112,33): warning C4305: “初始化”: 从“double”到“float”截断
C:\Users\THINK\Desktop\Project\CS-DEMO\FPSGames\control.cpp(122,34): warning C4305: “初始化”: 从“double”到“float”截断
C:\Users\THINK\Desktop\Project\CS-DEMO\FPSGames\control.cpp(159,17): warning C4244: “=”: 从“double”转换到“float”，可能丢失数据
C:\Users\THINK\Desktop\Project\CS-DEMO\FPSGames\control.cpp(160,17): warning C4244: “=”: 从“double”转换到“float”，可能丢失数据
C:\Users\THINK\Desktop\Project\CS-DEMO\FPSGames\control.cpp(164,19): warning C4244: “初始化”: 从“double”转换到“float”，可能丢失数据
C:\Users\THINK\Desktop\Project\CS-DEMO\FPSGames\control.cpp(165,19): warning C4244: “初始化”: 从“double”转换到“float”，可能丢失数据
C:\Users\THINK\Desktop\Project\CS-DEMO\FPSGames\control.cpp(167,13): warning C4244: “=”: 从“double”转换到“float”，可能丢失数据
C:\Users\THINK\Desktop\Project\CS-DEMO\FPSGames\control.cpp(168,13): warning C4244: “=”: 从“double”转换到“float”，可能丢失数据
  gun.cpp
C:\Users\THINK\Desktop\Project\CS-DEMO\FPSGames\include\learnopengl\filesystem.h(3,1): warning C4005: “_CRT_SECURE_NO_WARNINGS”: 宏重定义
C:\Users\THINK\Desktop\Project\CS-DEMO\FPSGames\gun.cpp : message : 参见“_CRT_SECURE_NO_WARNINGS”的前一个定义
C:\Users\THINK\Desktop\Project\CS-DEMO\FPSGames\include\learnopengl\model.h(1,1): warning C4819: 该文件包含不能在当前代码页(936)中表示的字符。请将该文件保存为 Unicode 格式以防止数据丢失
C:\Users\THINK\Desktop\Project\CS-DEMO\FPSGames\include\learnopengl\mesh.h(93,1): warning C4267: “参数”: 从“size_t”转换到“GLsizei”，可能丢失数据
  main.cpp
C:\Users\THINK\Desktop\Project\CS-DEMO\FPSGames\main.cpp(1,1): warning C4819: 该文件包含不能在当前代码页(936)中表示的字符。请将该文件保存为 Unicode 格式以防止数据丢失
C:\Users\THINK\Desktop\Project\CS-DEMO\FPSGames\include\learnopengl\filesystem.h(3,1): warning C4005: “_CRT_SECURE_NO_WARNINGS”: 宏重定义
C:\Users\THINK\Desktop\Project\CS-DEMO\FPSGames\main.cpp : message : 参见“_CRT_SECURE_NO_WARNINGS”的前一个定义
C:\Users\THINK\Desktop\Project\CS-DEMO\FPSGames\include\learnopengl\model.h(1,1): warning C4819: 该文件包含不能在当前代码页(936)中表示的字符。请将该文件保存为 Unicode 格式以防止数据丢失
C:\Users\THINK\Desktop\Project\CS-DEMO\FPSGames\include\learnopengl\mesh.h(93,1): warning C4267: “参数”: 从“size_t”转换到“GLsizei”，可能丢失数据
C:\Users\THINK\Desktop\Project\CS-DEMO\FPSGames\main.cpp(526,24): warning C4244: “初始化”: 从“double”转换到“GLfloat”，可能丢失数据
C:\Users\THINK\Desktop\Project\CS-DEMO\FPSGames\main.cpp(762,28): warning C4244: “参数”: 从“double”转换到“float”，可能丢失数据
C:\Users\THINK\Desktop\Project\CS-DEMO\FPSGames\main.cpp(761,57): warning C4244: “参数”: 从“double”转换到“float”，可能丢失数据
C:\Users\THINK\Desktop\Project\CS-DEMO\FPSGames\main.cpp(779,21): warning C4244: “初始化”: 从“double”转换到“float”，可能丢失数据
C:\Users\THINK\Desktop\Project\CS-DEMO\FPSGames\main.cpp(956,1): warning C4819: 该文件包含不能在当前代码页(936)中表示的字符。请将该文件保存为 Unicode 格式以防止数据丢失
  正在生成代码...
LINK : fatal error LNK1104: 无法打开文件“glew32.lib”
F:\visualStudio\MSBuild\Microsoft\VC\v160\Microsoft.CppCommon.targets(1010,5): error MSB6006: “link.exe”已退出，代码为 1104。
